<?xml version="1.0" encoding="UTF-8"?>
<testng-results ignored="0" total="5" passed="5" failed="0" skipped="0">
  <reporter-output>
  </reporter-output>
  <suite started-at="2022-04-26T22:28:54 IST" name="Default suite" finished-at="2022-04-26T22:29:42 IST" duration-ms="47736">
    <groups>
    </groups>
    <test started-at="2022-04-26T22:28:54 IST" name="Default test" finished-at="2022-04-26T22:29:42 IST" duration-ms="47736">
      <class name="testingTask.Calculator2">
        <test-method is-config="true" signature="launchBrowser()[pri:0, instance:testingTask.Calculator2@6af93788]" started-at="2022-04-26T22:28:54 IST" name="launchBrowser" finished-at="2022-04-26T22:29:00 IST" duration-ms="5598" status="PASS">
          <reporter-output>
          </reporter-output>
        </test-method> <!-- launchBrowser -->
        <test-method signature="opn()[pri:1, instance:testingTask.Calculator2@6af93788]" started-at="2022-04-26T22:29:00 IST" name="opn" finished-at="2022-04-26T22:29:03 IST" duration-ms="2758" status="PASS">
          <reporter-output>
          </reporter-output>
        </test-method> <!-- opn -->
        <test-method signature="multi()[pri:2, instance:testingTask.Calculator2@6af93788]" started-at="2022-04-26T22:29:03 IST" name="multi" finished-at="2022-04-26T22:29:11 IST" duration-ms="8690" status="PASS">
          <reporter-output>
          </reporter-output>
        </test-method> <!-- multi -->
        <test-method signature="div()[pri:3, instance:testingTask.Calculator2@6af93788]" started-at="2022-04-26T22:29:11 IST" name="div" finished-at="2022-04-26T22:29:20 IST" duration-ms="8596" status="PASS">
          <reporter-output>
          </reporter-output>
        </test-method> <!-- div -->
        <test-method signature="add()[pri:4, instance:testingTask.Calculator2@6af93788]" started-at="2022-04-26T22:29:20 IST" name="add" finished-at="2022-04-26T22:29:29 IST" duration-ms="8893" status="PASS">
          <reporter-output>
          </reporter-output>
        </test-method> <!-- add -->
        <test-method signature="sub()[pri:5, instance:testingTask.Calculator2@6af93788]" started-at="2022-04-26T22:29:29 IST" name="sub" finished-at="2022-04-26T22:29:41 IST" duration-ms="12119" status="PASS">
          <reporter-output>
          </reporter-output>
        </test-method> <!-- sub -->
        <test-method is-config="true" signature="close()[pri:0, instance:testingTask.Calculator2@6af93788]" started-at="2022-04-26T22:29:41 IST" name="close" finished-at="2022-04-26T22:29:42 IST" duration-ms="972" status="PASS">
          <reporter-output>
          </reporter-output>
        </test-method> <!-- close -->
      </class> <!-- testingTask.Calculator2 -->
    </test> <!-- Default test -->
  </suite> <!-- Default suite -->
</testng-results>
