<?xml version="1.0" encoding="UTF-8"?>
<!-- Generated by org.testng.reporters.JUnitXMLReporter -->
<testsuite ignored="0" hostname="DESKTOP-BARJEDQ" failures="0" tests="5" name="Default test" time="47.736" errors="0" timestamp="2022-04-26T22:29:42 IST">
  <testcase classname="testingTask.Calculator2" name="opn" time="2.758"/>
  <testcase classname="testingTask.Calculator2" name="multi" time="8.69"/>
  <testcase classname="testingTask.Calculator2" name="div" time="8.596"/>
  <testcase classname="testingTask.Calculator2" name="add" time="8.893"/>
  <testcase classname="testingTask.Calculator2" name="sub" time="12.119"/>
</testsuite> <!-- Default test -->
